2011-08-31 09:55:00 Notice: Notice (1024): Please change the value of 'Security.salt' in app/config/core.php to a salt value specific to your application in [/var/www/test.likepie.net/cakephp/cake/libs/debugger.php, line 694]
2011-08-31 09:55:00 Notice: Notice (1024): Please change the value of 'Security.cipherSeed' in app/config/core.php to a numeric (digits only) seed value specific to your application in [/var/www/test.likepie.net/cakephp/cake/libs/debugger.php, line 698]
2011-08-31 10:23:09 Notice: Notice (8): Undefined variable: name in [/var/www/test.likepie.net/cakephp/app/controllers/parts_controller.php, line 70]
2011-08-31 10:23:09 Notice: Notice (8): Undefined variable: desc in [/var/www/test.likepie.net/cakephp/app/controllers/parts_controller.php, line 71]
2011-08-31 10:23:21 Notice: Notice (8): Undefined offset: 8 in [/var/www/test.likepie.net/cakephp/app/controllers/parts_controller.php, line 70]
2011-08-31 10:23:21 Notice: Notice (8): Undefined variable: desc in [/var/www/test.likepie.net/cakephp/app/controllers/parts_controller.php, line 71]
2011-08-31 10:23:36 Notice: Notice (8): Undefined variable: desc in [/var/www/test.likepie.net/cakephp/app/controllers/parts_controller.php, line 71]
2011-08-31 11:36:57 Notice: Notice (8): Undefined variable: sTable in [/var/www/test.likepie.net/cakephp/app/views/parts/admin_index.ctp, line 46]
2011-08-31 11:36:57 Notice: Notice (8): Undefined variable: filters in [/var/www/test.likepie.net/cakephp/app/views/parts/admin_index.ctp, line 46]
2011-08-31 11:36:59 Notice: Notice (8): Undefined variable: sTable in [/var/www/test.likepie.net/cakephp/app/views/parts/admin_index.ctp, line 46]
2011-08-31 11:36:59 Notice: Notice (8): Undefined variable: filters in [/var/www/test.likepie.net/cakephp/app/views/parts/admin_index.ctp, line 46]
2011-08-31 11:37:00 Notice: Notice (8): Undefined variable: sTable in [/var/www/test.likepie.net/cakephp/app/views/parts/admin_index.ctp, line 46]
2011-08-31 11:37:00 Notice: Notice (8): Undefined variable: filters in [/var/www/test.likepie.net/cakephp/app/views/parts/admin_index.ctp, line 46]
2011-08-31 11:50:50 Notice: Notice (8): Undefined property: PartsController::$RequestHandler in [/var/www/test.likepie.net/cakephp/app/controllers/parts_controller.php, line 19]
2011-08-31 12:03:57 Notice: Notice (8): Undefined variable: aColumns in [/var/www/test.likepie.net/cakephp/app/controllers/components/data_tables.php, line 21]
2011-08-31 12:03:57 Notice: Notice (8): Undefined variable: prePend in [/var/www/test.likepie.net/cakephp/app/controllers/components/data_tables.php, line 21]
2011-08-31 12:03:57 Notice: Notice (8): Undefined variable: aColumns in [/var/www/test.likepie.net/cakephp/app/controllers/components/data_tables.php, line 33]
2011-08-31 12:03:57 Notice: Notice (8): Undefined variable: conditions in [/var/www/test.likepie.net/cakephp/app/controllers/components/data_tables.php, line 39]
2011-08-31 12:03:57 Notice: Notice (8): Undefined variable: aColumns in [/var/www/test.likepie.net/cakephp/app/controllers/components/data_tables.php, line 48]
2011-08-31 12:03:57 Notice: Notice (8): Undefined variable: tName in [/var/www/test.likepie.net/cakephp/app/controllers/components/data_tables.php, line 54]
2011-08-31 12:05:18 Notice: Notice (8): Undefined variable: aColumns in [/var/www/test.likepie.net/cakephp/app/controllers/components/data_tables.php, line 21]
2011-08-31 12:05:18 Notice: Notice (8): Undefined variable: prePend in [/var/www/test.likepie.net/cakephp/app/controllers/components/data_tables.php, line 21]
2011-08-31 12:05:18 Notice: Notice (8): Undefined variable: aColumns in [/var/www/test.likepie.net/cakephp/app/controllers/components/data_tables.php, line 33]
2011-08-31 12:05:18 Notice: Notice (8): Undefined variable: conditions in [/var/www/test.likepie.net/cakephp/app/controllers/components/data_tables.php, line 39]
2011-08-31 12:05:18 Notice: Notice (8): Undefined variable: aColumns in [/var/www/test.likepie.net/cakephp/app/controllers/components/data_tables.php, line 48]
2011-08-31 12:05:18 Notice: Notice (8): Undefined variable: tName in [/var/www/test.likepie.net/cakephp/app/controllers/components/data_tables.php, line 54]
2011-08-31 12:05:50 Notice: Notice (8): Undefined variable: aColumns in [/var/www/test.likepie.net/cakephp/app/controllers/components/data_tables.php, line 21]
2011-08-31 12:05:50 Notice: Notice (8): Undefined variable: prePend in [/var/www/test.likepie.net/cakephp/app/controllers/components/data_tables.php, line 21]
2011-08-31 12:05:50 Notice: Notice (8): Undefined variable: aColumns in [/var/www/test.likepie.net/cakephp/app/controllers/components/data_tables.php, line 33]
2011-08-31 12:05:50 Notice: Notice (8): Undefined variable: conditions in [/var/www/test.likepie.net/cakephp/app/controllers/components/data_tables.php, line 39]
2011-08-31 12:05:50 Notice: Notice (8): Undefined variable: aColumns in [/var/www/test.likepie.net/cakephp/app/controllers/components/data_tables.php, line 48]
2011-08-31 12:05:50 Notice: Notice (8): Undefined variable: tName in [/var/www/test.likepie.net/cakephp/app/controllers/components/data_tables.php, line 54]
2011-08-31 12:10:06 Notice: Notice (8): Undefined variable: aColumns in [/var/www/test.likepie.net/cakephp/app/controllers/components/data_tables.php, line 21]
2011-08-31 12:10:06 Notice: Notice (8): Undefined variable: prePend in [/var/www/test.likepie.net/cakephp/app/controllers/components/data_tables.php, line 21]
2011-08-31 12:10:06 Notice: Notice (8): Undefined variable: aColumns in [/var/www/test.likepie.net/cakephp/app/controllers/components/data_tables.php, line 33]
2011-08-31 12:10:06 Notice: Notice (8): Undefined variable: conditions in [/var/www/test.likepie.net/cakephp/app/controllers/components/data_tables.php, line 39]
2011-08-31 12:10:06 Notice: Notice (8): Undefined variable: aColumns in [/var/www/test.likepie.net/cakephp/app/controllers/components/data_tables.php, line 48]
2011-08-31 12:10:06 Notice: Notice (8): Undefined variable: tName in [/var/www/test.likepie.net/cakephp/app/controllers/components/data_tables.php, line 54]
2011-08-31 12:10:26 Notice: Notice (8): Undefined variable: aColumns in [/var/www/test.likepie.net/cakephp/app/controllers/components/data_tables.php, line 21]
2011-08-31 12:10:26 Notice: Notice (8): Undefined variable: prePend in [/var/www/test.likepie.net/cakephp/app/controllers/components/data_tables.php, line 21]
2011-08-31 12:10:26 Notice: Notice (8): Undefined variable: aColumns in [/var/www/test.likepie.net/cakephp/app/controllers/components/data_tables.php, line 33]
2011-08-31 12:10:26 Notice: Notice (8): Undefined variable: conditions in [/var/www/test.likepie.net/cakephp/app/controllers/components/data_tables.php, line 39]
2011-08-31 12:10:26 Notice: Notice (8): Undefined variable: aColumns in [/var/www/test.likepie.net/cakephp/app/controllers/components/data_tables.php, line 48]
2011-08-31 12:10:26 Notice: Notice (8): Undefined variable: tName in [/var/www/test.likepie.net/cakephp/app/controllers/components/data_tables.php, line 54]
2011-08-31 12:13:28 Notice: Notice (8): Undefined variable: aColumns in [/var/www/test.likepie.net/cakephp/app/controllers/components/data_tables.php, line 21]
2011-08-31 12:13:28 Notice: Notice (8): Undefined variable: prePend in [/var/www/test.likepie.net/cakephp/app/controllers/components/data_tables.php, line 21]
2011-08-31 12:13:28 Notice: Notice (8): Undefined variable: aColumns in [/var/www/test.likepie.net/cakephp/app/controllers/components/data_tables.php, line 33]
2011-08-31 12:13:28 Notice: Notice (8): Undefined variable: conditions in [/var/www/test.likepie.net/cakephp/app/controllers/components/data_tables.php, line 39]
2011-08-31 12:13:28 Notice: Notice (8): Undefined variable: aColumns in [/var/www/test.likepie.net/cakephp/app/controllers/components/data_tables.php, line 48]
2011-08-31 12:13:28 Notice: Notice (8): Undefined variable: tName in [/var/www/test.likepie.net/cakephp/app/controllers/components/data_tables.php, line 54]
2011-08-31 12:13:34 Notice: Notice (8): Undefined variable: aColumns in [/var/www/test.likepie.net/cakephp/app/controllers/components/data_tables.php, line 21]
2011-08-31 12:13:34 Notice: Notice (8): Undefined variable: prePend in [/var/www/test.likepie.net/cakephp/app/controllers/components/data_tables.php, line 21]
2011-08-31 12:13:34 Notice: Notice (8): Undefined variable: aColumns in [/var/www/test.likepie.net/cakephp/app/controllers/components/data_tables.php, line 33]
2011-08-31 12:13:34 Notice: Notice (8): Undefined variable: conditions in [/var/www/test.likepie.net/cakephp/app/controllers/components/data_tables.php, line 39]
2011-08-31 12:13:34 Notice: Notice (8): Undefined variable: aColumns in [/var/www/test.likepie.net/cakephp/app/controllers/components/data_tables.php, line 48]
2011-08-31 12:13:34 Notice: Notice (8): Undefined variable: tName in [/var/www/test.likepie.net/cakephp/app/controllers/components/data_tables.php, line 54]
2011-08-31 12:13:42 Notice: Notice (8): Undefined variable: aColumns in [/var/www/test.likepie.net/cakephp/app/controllers/components/data_tables.php, line 21]
2011-08-31 12:13:42 Notice: Notice (8): Undefined variable: prePend in [/var/www/test.likepie.net/cakephp/app/controllers/components/data_tables.php, line 21]
2011-08-31 12:13:42 Notice: Notice (8): Undefined variable: aColumns in [/var/www/test.likepie.net/cakephp/app/controllers/components/data_tables.php, line 33]
2011-08-31 12:13:42 Notice: Notice (8): Undefined variable: conditions in [/var/www/test.likepie.net/cakephp/app/controllers/components/data_tables.php, line 39]
2011-08-31 12:13:42 Notice: Notice (8): Undefined variable: aColumns in [/var/www/test.likepie.net/cakephp/app/controllers/components/data_tables.php, line 48]
2011-08-31 12:13:42 Notice: Notice (8): Undefined variable: tName in [/var/www/test.likepie.net/cakephp/app/controllers/components/data_tables.php, line 54]
2011-08-31 12:14:12 Notice: Notice (8): Undefined variable: aColumns in [/var/www/test.likepie.net/cakephp/app/controllers/components/data_tables.php, line 21]
2011-08-31 12:14:12 Notice: Notice (8): Undefined variable: prePend in [/var/www/test.likepie.net/cakephp/app/controllers/components/data_tables.php, line 21]
2011-08-31 12:14:12 Notice: Notice (8): Undefined variable: aColumns in [/var/www/test.likepie.net/cakephp/app/controllers/components/data_tables.php, line 28]
2011-08-31 12:14:12 Notice: Notice (8): Undefined variable: aColumns in [/var/www/test.likepie.net/cakephp/app/controllers/components/data_tables.php, line 33]
2011-08-31 12:14:12 Notice: Notice (8): Undefined variable: conditions in [/var/www/test.likepie.net/cakephp/app/controllers/components/data_tables.php, line 39]
2011-08-31 12:14:12 Notice: Notice (8): Undefined variable: aColumns in [/var/www/test.likepie.net/cakephp/app/controllers/components/data_tables.php, line 48]
2011-08-31 12:14:12 Notice: Notice (8): Undefined variable: tName in [/var/www/test.likepie.net/cakephp/app/controllers/components/data_tables.php, line 54]
2011-08-31 12:14:12 Notice: Notice (8): Undefined variable: aColumns in [/var/www/test.likepie.net/cakephp/app/controllers/components/data_tables.php, line 21]
2011-08-31 12:14:12 Notice: Notice (8): Undefined variable: prePend in [/var/www/test.likepie.net/cakephp/app/controllers/components/data_tables.php, line 21]
2011-08-31 12:14:12 Notice: Notice (8): Undefined variable: aColumns in [/var/www/test.likepie.net/cakephp/app/controllers/components/data_tables.php, line 28]
2011-08-31 12:14:12 Notice: Notice (8): Undefined variable: aColumns in [/var/www/test.likepie.net/cakephp/app/controllers/components/data_tables.php, line 33]
2011-08-31 12:14:12 Notice: Notice (8): Undefined variable: conditions in [/var/www/test.likepie.net/cakephp/app/controllers/components/data_tables.php, line 39]
2011-08-31 12:14:12 Notice: Notice (8): Undefined variable: aColumns in [/var/www/test.likepie.net/cakephp/app/controllers/components/data_tables.php, line 48]
2011-08-31 12:14:12 Notice: Notice (8): Undefined variable: tName in [/var/www/test.likepie.net/cakephp/app/controllers/components/data_tables.php, line 54]
2011-08-31 12:14:14 Notice: Notice (8): Undefined variable: aColumns in [/var/www/test.likepie.net/cakephp/app/controllers/components/data_tables.php, line 21]
2011-08-31 12:14:14 Notice: Notice (8): Undefined variable: prePend in [/var/www/test.likepie.net/cakephp/app/controllers/components/data_tables.php, line 21]
2011-08-31 12:14:14 Notice: Notice (8): Undefined variable: aColumns in [/var/www/test.likepie.net/cakephp/app/controllers/components/data_tables.php, line 28]
2011-08-31 12:14:14 Notice: Notice (8): Undefined variable: aColumns in [/var/www/test.likepie.net/cakephp/app/controllers/components/data_tables.php, line 33]
2011-08-31 12:14:14 Notice: Notice (8): Undefined variable: conditions in [/var/www/test.likepie.net/cakephp/app/controllers/components/data_tables.php, line 39]
2011-08-31 12:14:14 Notice: Notice (8): Undefined variable: aColumns in [/var/www/test.likepie.net/cakephp/app/controllers/components/data_tables.php, line 48]
2011-08-31 12:14:14 Notice: Notice (8): Undefined variable: tName in [/var/www/test.likepie.net/cakephp/app/controllers/components/data_tables.php, line 54]
2011-08-31 12:14:16 Notice: Notice (8): Undefined variable: aColumns in [/var/www/test.likepie.net/cakephp/app/controllers/components/data_tables.php, line 21]
2011-08-31 12:14:16 Notice: Notice (8): Undefined variable: prePend in [/var/www/test.likepie.net/cakephp/app/controllers/components/data_tables.php, line 21]
2011-08-31 12:14:16 Notice: Notice (8): Undefined variable: aColumns in [/var/www/test.likepie.net/cakephp/app/controllers/components/data_tables.php, line 33]
2011-08-31 12:14:16 Notice: Notice (8): Undefined variable: conditions in [/var/www/test.likepie.net/cakephp/app/controllers/components/data_tables.php, line 39]
2011-08-31 12:14:16 Notice: Notice (8): Undefined variable: aColumns in [/var/www/test.likepie.net/cakephp/app/controllers/components/data_tables.php, line 48]
2011-08-31 12:14:16 Notice: Notice (8): Undefined variable: tName in [/var/www/test.likepie.net/cakephp/app/controllers/components/data_tables.php, line 54]
2011-08-31 12:14:22 Notice: Notice (8): Undefined variable: aColumns in [/var/www/test.likepie.net/cakephp/app/controllers/components/data_tables.php, line 21]
2011-08-31 12:14:22 Notice: Notice (8): Undefined variable: prePend in [/var/www/test.likepie.net/cakephp/app/controllers/components/data_tables.php, line 21]
2011-08-31 12:14:22 Notice: Notice (8): Undefined variable: aColumns in [/var/www/test.likepie.net/cakephp/app/controllers/components/data_tables.php, line 33]
2011-08-31 12:14:22 Notice: Notice (8): Undefined variable: conditions in [/var/www/test.likepie.net/cakephp/app/controllers/components/data_tables.php, line 39]
2011-08-31 12:14:22 Notice: Notice (8): Undefined variable: aColumns in [/var/www/test.likepie.net/cakephp/app/controllers/components/data_tables.php, line 48]
2011-08-31 12:14:22 Notice: Notice (8): Undefined variable: tName in [/var/www/test.likepie.net/cakephp/app/controllers/components/data_tables.php, line 54]
2011-08-31 12:14:24 Notice: Notice (8): Undefined variable: aColumns in [/var/www/test.likepie.net/cakephp/app/controllers/components/data_tables.php, line 21]
2011-08-31 12:14:24 Notice: Notice (8): Undefined variable: prePend in [/var/www/test.likepie.net/cakephp/app/controllers/components/data_tables.php, line 21]
2011-08-31 12:14:24 Notice: Notice (8): Undefined variable: aColumns in [/var/www/test.likepie.net/cakephp/app/controllers/components/data_tables.php, line 33]
2011-08-31 12:14:24 Notice: Notice (8): Undefined variable: conditions in [/var/www/test.likepie.net/cakephp/app/controllers/components/data_tables.php, line 39]
2011-08-31 12:14:24 Notice: Notice (8): Undefined variable: aColumns in [/var/www/test.likepie.net/cakephp/app/controllers/components/data_tables.php, line 48]
2011-08-31 12:14:24 Notice: Notice (8): Undefined variable: tName in [/var/www/test.likepie.net/cakephp/app/controllers/components/data_tables.php, line 54]
2011-08-31 12:14:27 Notice: Notice (8): Undefined variable: aColumns in [/var/www/test.likepie.net/cakephp/app/controllers/components/data_tables.php, line 21]
2011-08-31 12:14:27 Notice: Notice (8): Undefined variable: prePend in [/var/www/test.likepie.net/cakephp/app/controllers/components/data_tables.php, line 21]
2011-08-31 12:14:27 Notice: Notice (8): Undefined variable: aColumns in [/var/www/test.likepie.net/cakephp/app/controllers/components/data_tables.php, line 33]
2011-08-31 12:14:27 Notice: Notice (8): Undefined variable: conditions in [/var/www/test.likepie.net/cakephp/app/controllers/components/data_tables.php, line 39]
2011-08-31 12:14:27 Notice: Notice (8): Undefined variable: aColumns in [/var/www/test.likepie.net/cakephp/app/controllers/components/data_tables.php, line 48]
2011-08-31 12:14:27 Notice: Notice (8): Undefined variable: tName in [/var/www/test.likepie.net/cakephp/app/controllers/components/data_tables.php, line 54]
2011-08-31 12:20:23 Notice: Notice (8): Undefined variable: aColumns in [/var/www/test.likepie.net/cakephp/app/controllers/components/data_tables.php, line 21]
2011-08-31 12:20:23 Notice: Notice (8): Undefined variable: prePend in [/var/www/test.likepie.net/cakephp/app/controllers/components/data_tables.php, line 21]
2011-08-31 12:20:23 Notice: Notice (8): Undefined variable: aColumns in [/var/www/test.likepie.net/cakephp/app/controllers/components/data_tables.php, line 33]
2011-08-31 12:20:23 Notice: Notice (8): Undefined variable: conditions in [/var/www/test.likepie.net/cakephp/app/controllers/components/data_tables.php, line 39]
2011-08-31 12:20:23 Notice: Notice (8): Undefined variable: aColumns in [/var/www/test.likepie.net/cakephp/app/controllers/components/data_tables.php, line 48]
2011-08-31 12:20:23 Notice: Notice (8): Undefined variable: tName in [/var/www/test.likepie.net/cakephp/app/controllers/components/data_tables.php, line 54]
2011-08-31 12:20:42 Notice: Notice (8): Undefined variable: aColumns in [/var/www/test.likepie.net/cakephp/app/controllers/components/data_tables.php, line 21]
2011-08-31 12:20:42 Notice: Notice (8): Undefined variable: prePend in [/var/www/test.likepie.net/cakephp/app/controllers/components/data_tables.php, line 21]
2011-08-31 12:20:42 Notice: Notice (8): Undefined variable: aColumns in [/var/www/test.likepie.net/cakephp/app/controllers/components/data_tables.php, line 33]
2011-08-31 12:20:42 Notice: Notice (8): Undefined variable: conditions in [/var/www/test.likepie.net/cakephp/app/controllers/components/data_tables.php, line 39]
2011-08-31 12:20:42 Notice: Notice (8): Undefined variable: aColumns in [/var/www/test.likepie.net/cakephp/app/controllers/components/data_tables.php, line 48]
2011-08-31 12:20:42 Notice: Notice (8): Undefined variable: tName in [/var/www/test.likepie.net/cakephp/app/controllers/components/data_tables.php, line 54]
2011-08-31 12:21:01 Notice: Notice (8): Undefined variable: aColumns in [/var/www/test.likepie.net/cakephp/app/controllers/components/data_tables.php, line 21]
2011-08-31 12:21:01 Notice: Notice (8): Undefined variable: prePend in [/var/www/test.likepie.net/cakephp/app/controllers/components/data_tables.php, line 21]
2011-08-31 12:21:01 Notice: Notice (8): Undefined variable: aColumns in [/var/www/test.likepie.net/cakephp/app/controllers/components/data_tables.php, line 33]
2011-08-31 12:21:01 Notice: Notice (8): Undefined variable: conditions in [/var/www/test.likepie.net/cakephp/app/controllers/components/data_tables.php, line 39]
2011-08-31 12:21:01 Notice: Notice (8): Undefined variable: aColumns in [/var/www/test.likepie.net/cakephp/app/controllers/components/data_tables.php, line 48]
2011-08-31 12:21:01 Notice: Notice (8): Undefined variable: tName in [/var/www/test.likepie.net/cakephp/app/controllers/components/data_tables.php, line 54]
2011-08-31 12:22:18 Notice: Notice (8): Undefined index: sortable in [/var/www/test.likepie.net/cakephp/app/views/parts/admin_index.ctp, line 50]
2011-08-31 12:23:08 Notice: Notice (8): Undefined index: sortable in [/var/www/test.likepie.net/cakephp/app/views/parts/admin_index.ctp, line 50]
2011-08-31 12:23:46 Notice: Notice (8): Undefined index: sortable in [/var/www/test.likepie.net/cakephp/app/views/parts/admin_index.ctp, line 50]
2011-08-31 12:25:56 Notice: Notice (8): Undefined variable: aColumns in [/var/www/test.likepie.net/cakephp/app/controllers/components/data_tables.php, line 21]
2011-08-31 12:25:56 Notice: Notice (8): Undefined variable: prePend in [/var/www/test.likepie.net/cakephp/app/controllers/components/data_tables.php, line 21]
2011-08-31 12:25:56 Notice: Notice (8): Undefined variable: aColumns in [/var/www/test.likepie.net/cakephp/app/controllers/components/data_tables.php, line 33]
2011-08-31 12:25:56 Notice: Notice (8): Undefined variable: conditions in [/var/www/test.likepie.net/cakephp/app/controllers/components/data_tables.php, line 39]
2011-08-31 12:25:56 Notice: Notice (8): Undefined variable: aColumns in [/var/www/test.likepie.net/cakephp/app/controllers/components/data_tables.php, line 48]
2011-08-31 12:25:56 Notice: Notice (8): Undefined variable: tName in [/var/www/test.likepie.net/cakephp/app/controllers/components/data_tables.php, line 54]
2011-08-31 12:26:23 Notice: Notice (8): Undefined variable: aColumns in [/var/www/test.likepie.net/cakephp/app/controllers/components/data_tables.php, line 21]
2011-08-31 12:26:23 Notice: Notice (8): Undefined variable: prePend in [/var/www/test.likepie.net/cakephp/app/controllers/components/data_tables.php, line 21]
2011-08-31 12:26:23 Notice: Notice (8): Undefined variable: aColumns in [/var/www/test.likepie.net/cakephp/app/controllers/components/data_tables.php, line 33]
2011-08-31 12:26:23 Notice: Notice (8): Undefined variable: conditions in [/var/www/test.likepie.net/cakephp/app/controllers/components/data_tables.php, line 39]
2011-08-31 12:26:23 Notice: Notice (8): Undefined variable: aColumns in [/var/www/test.likepie.net/cakephp/app/controllers/components/data_tables.php, line 48]
2011-08-31 12:26:23 Notice: Notice (8): Undefined variable: tName in [/var/www/test.likepie.net/cakephp/app/controllers/components/data_tables.php, line 54]
2011-08-31 12:33:39 Notice: Notice (8): Undefined variable: aColumns in [/var/www/test.likepie.net/cakephp/app/controllers/components/data_tables.php, line 21]
2011-08-31 12:33:39 Notice: Notice (8): Undefined variable: prePend in [/var/www/test.likepie.net/cakephp/app/controllers/components/data_tables.php, line 21]
2011-08-31 12:33:39 Notice: Notice (8): Undefined variable: aColumns in [/var/www/test.likepie.net/cakephp/app/controllers/components/data_tables.php, line 33]
2011-08-31 12:33:39 Notice: Notice (8): Undefined variable: conditions in [/var/www/test.likepie.net/cakephp/app/controllers/components/data_tables.php, line 39]
2011-08-31 12:33:39 Notice: Notice (8): Undefined variable: aColumns in [/var/www/test.likepie.net/cakephp/app/controllers/components/data_tables.php, line 48]
2011-08-31 12:33:39 Notice: Notice (8): Undefined variable: tName in [/var/www/test.likepie.net/cakephp/app/controllers/components/data_tables.php, line 54]
2011-08-31 12:39:22 Notice: Notice (8): Undefined variable: aColumns in [/var/www/test.likepie.net/cakephp/app/controllers/components/data_tables.php, line 21]
2011-08-31 12:39:22 Notice: Notice (8): Undefined variable: prePend in [/var/www/test.likepie.net/cakephp/app/controllers/components/data_tables.php, line 21]
2011-08-31 12:39:22 Notice: Notice (8): Undefined variable: aColumns in [/var/www/test.likepie.net/cakephp/app/controllers/components/data_tables.php, line 33]
2011-08-31 12:39:22 Notice: Notice (8): Undefined variable: conditions in [/var/www/test.likepie.net/cakephp/app/controllers/components/data_tables.php, line 39]
2011-08-31 12:39:22 Notice: Notice (8): Undefined variable: aColumns in [/var/www/test.likepie.net/cakephp/app/controllers/components/data_tables.php, line 48]
2011-08-31 12:40:35 Notice: Notice (8): Undefined variable: aColumns in [/var/www/test.likepie.net/cakephp/app/controllers/components/data_tables.php, line 21]
2011-08-31 12:40:35 Notice: Notice (8): Undefined variable: prePend in [/var/www/test.likepie.net/cakephp/app/controllers/components/data_tables.php, line 21]
2011-08-31 12:40:35 Notice: Notice (8): Undefined variable: aColumns in [/var/www/test.likepie.net/cakephp/app/controllers/components/data_tables.php, line 33]
2011-08-31 12:40:35 Notice: Notice (8): Undefined variable: conditions in [/var/www/test.likepie.net/cakephp/app/controllers/components/data_tables.php, line 39]
2011-08-31 12:40:35 Notice: Notice (8): Undefined variable: aColumns in [/var/www/test.likepie.net/cakephp/app/controllers/components/data_tables.php, line 48]
2011-08-31 12:41:37 Notice: Notice (8): Undefined variable: aColumns in [/var/www/test.likepie.net/cakephp/app/controllers/components/data_tables.php, line 21]
2011-08-31 12:41:37 Notice: Notice (8): Undefined index:  in [/var/www/test.likepie.net/cakephp/app/controllers/components/data_tables.php, line 21]
2011-08-31 12:41:37 Notice: Notice (8): Undefined variable: prePend in [/var/www/test.likepie.net/cakephp/app/controllers/components/data_tables.php, line 21]
2011-08-31 12:41:37 Notice: Notice (8): Undefined variable: aColumns in [/var/www/test.likepie.net/cakephp/app/controllers/components/data_tables.php, line 33]
2011-08-31 12:41:37 Notice: Notice (8): Undefined variable: conditions in [/var/www/test.likepie.net/cakephp/app/controllers/components/data_tables.php, line 39]
2011-08-31 12:41:37 Notice: Notice (8): Undefined variable: aColumns in [/var/www/test.likepie.net/cakephp/app/controllers/components/data_tables.php, line 48]
2011-08-31 12:43:26 Notice: Notice (8): Undefined variable: aColumns in [/var/www/test.likepie.net/cakephp/app/controllers/components/data_tables.php, line 21]
2011-08-31 12:43:26 Notice: Notice (8): Undefined index:  in [/var/www/test.likepie.net/cakephp/app/controllers/components/data_tables.php, line 21]
2011-08-31 12:43:26 Notice: Notice (8): Undefined variable: aColumns in [/var/www/test.likepie.net/cakephp/app/controllers/components/data_tables.php, line 33]
2011-08-31 12:43:26 Notice: Notice (8): Undefined variable: conditions in [/var/www/test.likepie.net/cakephp/app/controllers/components/data_tables.php, line 39]
2011-08-31 12:43:26 Notice: Notice (8): Undefined variable: aColumns in [/var/www/test.likepie.net/cakephp/app/controllers/components/data_tables.php, line 48]
2011-08-31 12:45:35 Notice: Notice (8): Undefined variable: aColumns in [/var/www/test.likepie.net/cakephp/app/controllers/components/data_tables.php, line 22]
2011-08-31 12:45:35 Notice: Notice (8): Undefined index:  in [/var/www/test.likepie.net/cakephp/app/controllers/components/data_tables.php, line 22]
2011-08-31 12:45:35 Notice: Notice (8): Undefined variable: aColumns in [/var/www/test.likepie.net/cakephp/app/controllers/components/data_tables.php, line 38]
2011-08-31 12:45:35 Notice: Notice (8): Undefined variable: conditions in [/var/www/test.likepie.net/cakephp/app/controllers/components/data_tables.php, line 44]
2011-08-31 12:45:35 Notice: Notice (8): Undefined variable: aColumns in [/var/www/test.likepie.net/cakephp/app/controllers/components/data_tables.php, line 53]
2011-08-31 12:45:35 Notice: Notice (8): Undefined variable: ordering in [/var/www/test.likepie.net/cakephp/app/controllers/components/data_tables.php, line 54]
2011-08-31 12:47:15 Notice: Notice (8): Undefined variable: aColumns in [/var/www/test.likepie.net/cakephp/app/controllers/components/data_tables.php, line 22]
2011-08-31 12:47:15 Notice: Notice (8): Undefined index:  in [/var/www/test.likepie.net/cakephp/app/controllers/components/data_tables.php, line 22]
2011-08-31 12:47:15 Notice: Notice (8): Undefined variable: aColumns in [/var/www/test.likepie.net/cakephp/app/controllers/components/data_tables.php, line 38]
2011-08-31 12:47:15 Notice: Notice (8): Undefined variable: conditions in [/var/www/test.likepie.net/cakephp/app/controllers/components/data_tables.php, line 44]
2011-08-31 12:47:15 Notice: Notice (8): Undefined variable: aColumns in [/var/www/test.likepie.net/cakephp/app/controllers/components/data_tables.php, line 53]
2011-08-31 12:47:15 Notice: Notice (8): Undefined variable: ordering in [/var/www/test.likepie.net/cakephp/app/controllers/components/data_tables.php, line 54]
2011-08-31 12:48:26 Notice: Notice (8): Undefined variable: aColumns in [/var/www/test.likepie.net/cakephp/app/controllers/components/data_tables.php, line 22]
2011-08-31 12:48:26 Notice: Notice (8): Undefined index:  in [/var/www/test.likepie.net/cakephp/app/controllers/components/data_tables.php, line 22]
2011-08-31 12:48:26 Notice: Notice (8): Undefined variable: aColumns in [/var/www/test.likepie.net/cakephp/app/controllers/components/data_tables.php, line 39]
2011-08-31 12:48:26 Notice: Notice (8): Undefined variable: conditions in [/var/www/test.likepie.net/cakephp/app/controllers/components/data_tables.php, line 45]
2011-08-31 12:48:26 Notice: Notice (8): Undefined variable: aColumns in [/var/www/test.likepie.net/cakephp/app/controllers/components/data_tables.php, line 54]
2011-08-31 12:48:45 Notice: Notice (8): Undefined variable: aColumns in [/var/www/test.likepie.net/cakephp/app/controllers/components/data_tables.php, line 22]
2011-08-31 12:48:45 Notice: Notice (8): Undefined index:  in [/var/www/test.likepie.net/cakephp/app/controllers/components/data_tables.php, line 22]
2011-08-31 12:48:45 Notice: Notice (8): Undefined variable: aColumns in [/var/www/test.likepie.net/cakephp/app/controllers/components/data_tables.php, line 34]
2011-08-31 12:48:45 Notice: Notice (8): Undefined variable: aColumns in [/var/www/test.likepie.net/cakephp/app/controllers/components/data_tables.php, line 39]
2011-08-31 12:48:45 Notice: Notice (8): Undefined variable: conditions in [/var/www/test.likepie.net/cakephp/app/controllers/components/data_tables.php, line 45]
2011-08-31 12:48:45 Notice: Notice (8): Undefined variable: aColumns in [/var/www/test.likepie.net/cakephp/app/controllers/components/data_tables.php, line 54]
2011-08-31 12:48:45 Notice: Notice (8): Undefined variable: aColumns in [/var/www/test.likepie.net/cakephp/app/controllers/components/data_tables.php, line 22]
2011-08-31 12:48:45 Notice: Notice (8): Undefined index:  in [/var/www/test.likepie.net/cakephp/app/controllers/components/data_tables.php, line 22]
2011-08-31 12:48:45 Notice: Notice (8): Undefined variable: aColumns in [/var/www/test.likepie.net/cakephp/app/controllers/components/data_tables.php, line 34]
2011-08-31 12:48:45 Notice: Notice (8): Undefined variable: aColumns in [/var/www/test.likepie.net/cakephp/app/controllers/components/data_tables.php, line 39]
2011-08-31 12:48:45 Notice: Notice (8): Undefined variable: conditions in [/var/www/test.likepie.net/cakephp/app/controllers/components/data_tables.php, line 45]
2011-08-31 12:48:45 Notice: Notice (8): Undefined variable: aColumns in [/var/www/test.likepie.net/cakephp/app/controllers/components/data_tables.php, line 54]
2011-08-31 12:51:14 Notice: Notice (8): Undefined variable: aColumns in [/var/www/test.likepie.net/cakephp/app/controllers/components/data_tables.php, line 22]
2011-08-31 12:51:14 Notice: Notice (8): Undefined index:  in [/var/www/test.likepie.net/cakephp/app/controllers/components/data_tables.php, line 22]
2011-08-31 12:51:14 Notice: Notice (8): Undefined variable: aColumns in [/var/www/test.likepie.net/cakephp/app/controllers/components/data_tables.php, line 25]
2011-08-31 12:51:14 Notice: Notice (8): Undefined index:  in [/var/www/test.likepie.net/cakephp/app/controllers/components/data_tables.php, line 25]
2011-08-31 12:51:14 Notice: Notice (8): Undefined variable: aColumns in [/var/www/test.likepie.net/cakephp/app/controllers/components/data_tables.php, line 39]
2011-08-31 12:51:14 Notice: Notice (8): Undefined variable: conditions in [/var/www/test.likepie.net/cakephp/app/controllers/components/data_tables.php, line 45]
2011-08-31 12:51:14 Notice: Notice (8): Undefined variable: aColumns in [/var/www/test.likepie.net/cakephp/app/controllers/components/data_tables.php, line 54]
2011-08-31 12:51:38 Notice: Notice (8): Undefined variable: aColumns in [/var/www/test.likepie.net/cakephp/app/controllers/components/data_tables.php, line 22]
2011-08-31 12:51:38 Notice: Notice (8): Undefined index:  in [/var/www/test.likepie.net/cakephp/app/controllers/components/data_tables.php, line 22]
2011-08-31 12:51:38 Notice: Notice (8): Undefined variable: aColumns in [/var/www/test.likepie.net/cakephp/app/controllers/components/data_tables.php, line 25]
2011-08-31 12:51:38 Notice: Notice (8): Undefined index:  in [/var/www/test.likepie.net/cakephp/app/controllers/components/data_tables.php, line 25]
2011-08-31 12:51:38 Notice: Notice (8): Undefined variable: aColumns in [/var/www/test.likepie.net/cakephp/app/controllers/components/data_tables.php, line 39]
2011-08-31 12:51:38 Notice: Notice (8): Undefined variable: conditions in [/var/www/test.likepie.net/cakephp/app/controllers/components/data_tables.php, line 45]
2011-08-31 12:51:38 Notice: Notice (8): Undefined variable: aColumns in [/var/www/test.likepie.net/cakephp/app/controllers/components/data_tables.php, line 54]
2011-08-31 12:51:40 Notice: Notice (8): Undefined variable: aColumns in [/var/www/test.likepie.net/cakephp/app/controllers/components/data_tables.php, line 22]
2011-08-31 12:51:40 Notice: Notice (8): Undefined index:  in [/var/www/test.likepie.net/cakephp/app/controllers/components/data_tables.php, line 22]
2011-08-31 12:51:40 Notice: Notice (8): Undefined variable: aColumns in [/var/www/test.likepie.net/cakephp/app/controllers/components/data_tables.php, line 25]
2011-08-31 12:51:40 Notice: Notice (8): Undefined index:  in [/var/www/test.likepie.net/cakephp/app/controllers/components/data_tables.php, line 25]
2011-08-31 12:51:40 Notice: Notice (8): Undefined variable: aColumns in [/var/www/test.likepie.net/cakephp/app/controllers/components/data_tables.php, line 39]
2011-08-31 12:51:40 Notice: Notice (8): Undefined variable: conditions in [/var/www/test.likepie.net/cakephp/app/controllers/components/data_tables.php, line 45]
2011-08-31 12:51:40 Notice: Notice (8): Undefined variable: aColumns in [/var/www/test.likepie.net/cakephp/app/controllers/components/data_tables.php, line 54]
2011-08-31 12:53:55 Notice: Notice (8): Trying to get property of non-object in [/var/www/test.likepie.net/cakephp/app/controllers/parts_controller.php, line 27]
2011-08-31 12:54:27 Notice: Notice (8): Undefined variable: aColumns in [/var/www/test.likepie.net/cakephp/app/controllers/components/data_tables.php, line 22]
2011-08-31 12:54:27 Notice: Notice (8): Undefined index:  in [/var/www/test.likepie.net/cakephp/app/controllers/components/data_tables.php, line 22]
2011-08-31 12:54:27 Notice: Notice (8): Undefined variable: aColumns in [/var/www/test.likepie.net/cakephp/app/controllers/components/data_tables.php, line 25]
2011-08-31 12:54:27 Notice: Notice (8): Undefined index:  in [/var/www/test.likepie.net/cakephp/app/controllers/components/data_tables.php, line 25]
2011-08-31 12:54:27 Notice: Notice (8): Undefined variable: aColumns in [/var/www/test.likepie.net/cakephp/app/controllers/components/data_tables.php, line 39]
2011-08-31 12:54:27 Notice: Notice (8): Undefined variable: conditions in [/var/www/test.likepie.net/cakephp/app/controllers/components/data_tables.php, line 45]
2011-08-31 12:54:27 Notice: Notice (8): Undefined variable: aColumns in [/var/www/test.likepie.net/cakephp/app/controllers/components/data_tables.php, line 54]
2011-08-31 12:56:21 Notice: Notice (8): Undefined variable: aColumns in [/var/www/test.likepie.net/cakephp/app/controllers/components/data_tables.php, line 26]
2011-08-31 12:56:21 Notice: Notice (8): Undefined index:  in [/var/www/test.likepie.net/cakephp/app/controllers/components/data_tables.php, line 26]
2011-08-31 12:56:21 Notice: Notice (8): Undefined variable: aColumns in [/var/www/test.likepie.net/cakephp/app/controllers/components/data_tables.php, line 43]
2011-08-31 12:56:21 Notice: Notice (8): Undefined variable: conditions in [/var/www/test.likepie.net/cakephp/app/controllers/components/data_tables.php, line 49]
2011-08-31 12:56:21 Notice: Notice (8): Undefined variable: aColumns in [/var/www/test.likepie.net/cakephp/app/controllers/components/data_tables.php, line 58]
2011-08-31 12:56:54 Notice: Notice (8): Undefined variable: aColumns in [/var/www/test.likepie.net/cakephp/app/controllers/components/data_tables.php, line 26]
2011-08-31 12:56:54 Notice: Notice (8): Undefined index:  in [/var/www/test.likepie.net/cakephp/app/controllers/components/data_tables.php, line 26]
2011-08-31 12:56:54 Notice: Notice (8): Undefined variable: aColumns in [/var/www/test.likepie.net/cakephp/app/controllers/components/data_tables.php, line 43]
2011-08-31 12:56:54 Notice: Notice (8): Undefined variable: conditions in [/var/www/test.likepie.net/cakephp/app/controllers/components/data_tables.php, line 49]
2011-08-31 12:56:54 Notice: Notice (8): Undefined variable: aColumns in [/var/www/test.likepie.net/cakephp/app/controllers/components/data_tables.php, line 58]
2011-08-31 12:57:35 Notice: Notice (8): Undefined variable: aColumns in [/var/www/test.likepie.net/cakephp/app/controllers/components/data_tables.php, line 26]
2011-08-31 12:57:35 Notice: Notice (8): Undefined index:  in [/var/www/test.likepie.net/cakephp/app/controllers/components/data_tables.php, line 26]
2011-08-31 12:57:35 Notice: Notice (8): Undefined variable: aColumns in [/var/www/test.likepie.net/cakephp/app/controllers/components/data_tables.php, line 43]
2011-08-31 12:57:35 Notice: Notice (8): Undefined variable: conditions in [/var/www/test.likepie.net/cakephp/app/controllers/components/data_tables.php, line 49]
2011-08-31 12:57:35 Notice: Notice (8): Undefined variable: aColumns in [/var/www/test.likepie.net/cakephp/app/controllers/components/data_tables.php, line 58]
2011-08-31 12:58:18 Notice: Notice (8): Undefined variable: aColumns in [/var/www/test.likepie.net/cakephp/app/controllers/components/data_tables.php, line 26]
2011-08-31 12:58:18 Notice: Notice (8): Undefined index:  in [/var/www/test.likepie.net/cakephp/app/controllers/components/data_tables.php, line 26]
2011-08-31 12:58:18 Notice: Notice (8): Undefined variable: aColumns in [/var/www/test.likepie.net/cakephp/app/controllers/components/data_tables.php, line 42]
2011-08-31 12:58:18 Notice: Notice (8): Undefined variable: conditions in [/var/www/test.likepie.net/cakephp/app/controllers/components/data_tables.php, line 48]
2011-08-31 12:58:18 Notice: Notice (8): Undefined variable: aColumns in [/var/www/test.likepie.net/cakephp/app/controllers/components/data_tables.php, line 57]
2011-08-31 12:58:27 Notice: Notice (8): Undefined variable: aColumns in [/var/www/test.likepie.net/cakephp/app/controllers/components/data_tables.php, line 26]
2011-08-31 12:58:27 Notice: Notice (8): Undefined index:  in [/var/www/test.likepie.net/cakephp/app/controllers/components/data_tables.php, line 26]
2011-08-31 12:58:27 Notice: Notice (8): Undefined variable: aColumns in [/var/www/test.likepie.net/cakephp/app/controllers/components/data_tables.php, line 42]
2011-08-31 12:58:27 Notice: Notice (8): Undefined variable: conditions in [/var/www/test.likepie.net/cakephp/app/controllers/components/data_tables.php, line 48]
2011-08-31 12:58:27 Notice: Notice (8): Undefined variable: aColumns in [/var/www/test.likepie.net/cakephp/app/controllers/components/data_tables.php, line 57]
2011-08-31 12:58:37 Notice: Notice (8): Undefined variable: aColumns in [/var/www/test.likepie.net/cakephp/app/controllers/components/data_tables.php, line 26]
2011-08-31 12:58:37 Notice: Notice (8): Undefined index:  in [/var/www/test.likepie.net/cakephp/app/controllers/components/data_tables.php, line 26]
2011-08-31 12:58:37 Notice: Notice (8): Undefined variable: aColumns in [/var/www/test.likepie.net/cakephp/app/controllers/components/data_tables.php, line 42]
2011-08-31 12:58:37 Notice: Notice (8): Undefined variable: conditions in [/var/www/test.likepie.net/cakephp/app/controllers/components/data_tables.php, line 48]
2011-08-31 12:58:37 Notice: Notice (8): Undefined variable: aColumns in [/var/www/test.likepie.net/cakephp/app/controllers/components/data_tables.php, line 57]
2011-08-31 12:58:50 Notice: Notice (8): Undefined variable: aColumns in [/var/www/test.likepie.net/cakephp/app/controllers/components/data_tables.php, line 26]
2011-08-31 12:58:50 Notice: Notice (8): Undefined index:  in [/var/www/test.likepie.net/cakephp/app/controllers/components/data_tables.php, line 26]
2011-08-31 12:58:50 Notice: Notice (8): Undefined variable: aColumns in [/var/www/test.likepie.net/cakephp/app/controllers/components/data_tables.php, line 42]
2011-08-31 12:58:50 Notice: Notice (8): Undefined variable: conditions in [/var/www/test.likepie.net/cakephp/app/controllers/components/data_tables.php, line 48]
2011-08-31 12:58:50 Notice: Notice (8): Undefined variable: aColumns in [/var/www/test.likepie.net/cakephp/app/controllers/components/data_tables.php, line 57]
2011-08-31 12:58:52 Notice: Notice (8): Undefined variable: aColumns in [/var/www/test.likepie.net/cakephp/app/controllers/components/data_tables.php, line 26]
2011-08-31 12:58:52 Notice: Notice (8): Undefined index:  in [/var/www/test.likepie.net/cakephp/app/controllers/components/data_tables.php, line 26]
2011-08-31 12:58:52 Notice: Notice (8): Undefined offset: -1 in [/var/www/test.likepie.net/cakephp/app/controllers/components/data_tables.php, line 29]
2011-08-31 12:58:52 Notice: Notice (8): Undefined variable: aColumns in [/var/www/test.likepie.net/cakephp/app/controllers/components/data_tables.php, line 42]
2011-08-31 12:58:52 Notice: Notice (8): Undefined variable: conditions in [/var/www/test.likepie.net/cakephp/app/controllers/components/data_tables.php, line 48]
2011-08-31 12:58:52 Notice: Notice (8): Undefined variable: aColumns in [/var/www/test.likepie.net/cakephp/app/controllers/components/data_tables.php, line 57]
2011-08-31 12:58:54 Notice: Notice (8): Undefined variable: aColumns in [/var/www/test.likepie.net/cakephp/app/controllers/components/data_tables.php, line 26]
2011-08-31 12:58:54 Notice: Notice (8): Undefined index:  in [/var/www/test.likepie.net/cakephp/app/controllers/components/data_tables.php, line 26]
2011-08-31 12:58:54 Notice: Notice (8): Undefined offset: -1 in [/var/www/test.likepie.net/cakephp/app/controllers/components/data_tables.php, line 29]
2011-08-31 12:58:54 Notice: Notice (8): Undefined variable: aColumns in [/var/www/test.likepie.net/cakephp/app/controllers/components/data_tables.php, line 42]
2011-08-31 12:58:54 Notice: Notice (8): Undefined variable: conditions in [/var/www/test.likepie.net/cakephp/app/controllers/components/data_tables.php, line 48]
2011-08-31 12:58:54 Notice: Notice (8): Undefined variable: aColumns in [/var/www/test.likepie.net/cakephp/app/controllers/components/data_tables.php, line 57]
2011-08-31 12:59:38 Notice: Notice (8): Undefined variable: aColumns in [/var/www/test.likepie.net/cakephp/app/controllers/components/data_tables.php, line 26]
2011-08-31 12:59:38 Notice: Notice (8): Undefined index:  in [/var/www/test.likepie.net/cakephp/app/controllers/components/data_tables.php, line 26]
2011-08-31 12:59:38 Notice: Notice (8): Undefined variable: aColumns in [/var/www/test.likepie.net/cakephp/app/controllers/components/data_tables.php, line 42]
2011-08-31 12:59:38 Notice: Notice (8): Undefined variable: conditions in [/var/www/test.likepie.net/cakephp/app/controllers/components/data_tables.php, line 48]
2011-08-31 12:59:38 Notice: Notice (8): Undefined variable: aColumns in [/var/www/test.likepie.net/cakephp/app/controllers/components/data_tables.php, line 57]
2011-08-31 12:59:39 Notice: Notice (8): Undefined variable: aColumns in [/var/www/test.likepie.net/cakephp/app/controllers/components/data_tables.php, line 26]
2011-08-31 12:59:39 Notice: Notice (8): Undefined index:  in [/var/www/test.likepie.net/cakephp/app/controllers/components/data_tables.php, line 26]
2011-08-31 12:59:39 Notice: Notice (8): Undefined variable: aColumns in [/var/www/test.likepie.net/cakephp/app/controllers/components/data_tables.php, line 42]
2011-08-31 12:59:39 Notice: Notice (8): Undefined variable: conditions in [/var/www/test.likepie.net/cakephp/app/controllers/components/data_tables.php, line 48]
2011-08-31 12:59:39 Notice: Notice (8): Undefined variable: aColumns in [/var/www/test.likepie.net/cakephp/app/controllers/components/data_tables.php, line 57]
2011-08-31 12:59:42 Notice: Notice (8): Undefined variable: aColumns in [/var/www/test.likepie.net/cakephp/app/controllers/components/data_tables.php, line 26]
2011-08-31 12:59:42 Notice: Notice (8): Undefined index:  in [/var/www/test.likepie.net/cakephp/app/controllers/components/data_tables.php, line 26]
2011-08-31 12:59:42 Notice: Notice (8): Undefined variable: aColumns in [/var/www/test.likepie.net/cakephp/app/controllers/components/data_tables.php, line 42]
2011-08-31 12:59:42 Notice: Notice (8): Undefined variable: conditions in [/var/www/test.likepie.net/cakephp/app/controllers/components/data_tables.php, line 48]
2011-08-31 12:59:42 Notice: Notice (8): Undefined variable: aColumns in [/var/www/test.likepie.net/cakephp/app/controllers/components/data_tables.php, line 57]
2011-08-31 12:59:49 Notice: Notice (8): Undefined variable: aColumns in [/var/www/test.likepie.net/cakephp/app/controllers/components/data_tables.php, line 26]
2011-08-31 12:59:49 Notice: Notice (8): Undefined index:  in [/var/www/test.likepie.net/cakephp/app/controllers/components/data_tables.php, line 26]
2011-08-31 12:59:49 Notice: Notice (8): Undefined variable: aColumns in [/var/www/test.likepie.net/cakephp/app/controllers/components/data_tables.php, line 42]
2011-08-31 12:59:49 Notice: Notice (8): Undefined variable: conditions in [/var/www/test.likepie.net/cakephp/app/controllers/components/data_tables.php, line 48]
2011-08-31 12:59:49 Notice: Notice (8): Undefined variable: aColumns in [/var/www/test.likepie.net/cakephp/app/controllers/components/data_tables.php, line 57]
2011-08-31 12:59:56 Notice: Notice (8): Undefined variable: aColumns in [/var/www/test.likepie.net/cakephp/app/controllers/components/data_tables.php, line 26]
2011-08-31 12:59:56 Notice: Notice (8): Undefined index:  in [/var/www/test.likepie.net/cakephp/app/controllers/components/data_tables.php, line 26]
2011-08-31 12:59:56 Notice: Notice (8): Undefined variable: aColumns in [/var/www/test.likepie.net/cakephp/app/controllers/components/data_tables.php, line 42]
2011-08-31 12:59:56 Notice: Notice (8): Undefined variable: conditions in [/var/www/test.likepie.net/cakephp/app/controllers/components/data_tables.php, line 48]
2011-08-31 12:59:56 Notice: Notice (8): Undefined variable: aColumns in [/var/www/test.likepie.net/cakephp/app/controllers/components/data_tables.php, line 57]
2011-08-31 13:02:24 Notice: Notice (8): Undefined variable: aColumns in [/var/www/test.likepie.net/cakephp/app/controllers/components/data_tables.php, line 44]
2011-08-31 13:02:24 Notice: Notice (8): Undefined variable: conditions in [/var/www/test.likepie.net/cakephp/app/controllers/components/data_tables.php, line 50]
2011-08-31 13:02:24 Notice: Notice (8): Undefined variable: aColumns in [/var/www/test.likepie.net/cakephp/app/controllers/components/data_tables.php, line 59]
2011-08-31 13:02:24 Notice: Notice (8): Undefined variable: ordering in [/var/www/test.likepie.net/cakephp/app/controllers/components/data_tables.php, line 60]
2011-08-31 13:05:37 Notice: Notice (8): Undefined variable: aColumns in [/var/www/test.likepie.net/cakephp/app/controllers/components/data_tables.php, line 27]
2011-08-31 13:05:37 Notice: Notice (8): Undefined index:  in [/var/www/test.likepie.net/cakephp/app/controllers/components/data_tables.php, line 27]
2011-08-31 13:05:37 Notice: Notice (8): Undefined variable: aColumns in [/var/www/test.likepie.net/cakephp/app/controllers/components/data_tables.php, line 44]
2011-08-31 13:05:37 Notice: Notice (8): Undefined variable: conditions in [/var/www/test.likepie.net/cakephp/app/controllers/components/data_tables.php, line 50]
2011-08-31 13:05:37 Notice: Notice (8): Undefined variable: aColumns in [/var/www/test.likepie.net/cakephp/app/controllers/components/data_tables.php, line 59]
2011-08-31 13:05:46 Notice: Notice (8): Undefined variable: aColumns in [/var/www/test.likepie.net/cakephp/app/controllers/components/data_tables.php, line 27]
2011-08-31 13:05:46 Notice: Notice (8): Undefined index:  in [/var/www/test.likepie.net/cakephp/app/controllers/components/data_tables.php, line 27]
2011-08-31 13:05:46 Notice: Notice (8): Undefined variable: aColumns in [/var/www/test.likepie.net/cakephp/app/controllers/components/data_tables.php, line 44]
2011-08-31 13:05:46 Notice: Notice (8): Undefined variable: conditions in [/var/www/test.likepie.net/cakephp/app/controllers/components/data_tables.php, line 50]
2011-08-31 13:05:46 Notice: Notice (8): Undefined variable: aColumns in [/var/www/test.likepie.net/cakephp/app/controllers/components/data_tables.php, line 59]
2011-08-31 13:05:53 Notice: Notice (8): Undefined variable: aColumns in [/var/www/test.likepie.net/cakephp/app/controllers/components/data_tables.php, line 27]
2011-08-31 13:05:53 Notice: Notice (8): Undefined index:  in [/var/www/test.likepie.net/cakephp/app/controllers/components/data_tables.php, line 27]
2011-08-31 13:05:53 Notice: Notice (8): Undefined variable: aColumns in [/var/www/test.likepie.net/cakephp/app/controllers/components/data_tables.php, line 44]
2011-08-31 13:05:53 Notice: Notice (8): Undefined variable: conditions in [/var/www/test.likepie.net/cakephp/app/controllers/components/data_tables.php, line 50]
2011-08-31 13:05:53 Notice: Notice (8): Undefined variable: aColumns in [/var/www/test.likepie.net/cakephp/app/controllers/components/data_tables.php, line 59]
2011-08-31 13:06:45 Notice: Notice (8): Undefined variable: aColumns in [/var/www/test.likepie.net/cakephp/app/controllers/components/data_tables.php, line 27]
2011-08-31 13:06:45 Notice: Notice (8): Undefined index:  in [/var/www/test.likepie.net/cakephp/app/controllers/components/data_tables.php, line 27]
2011-08-31 13:06:45 Notice: Notice (8): Undefined variable: aColumns in [/var/www/test.likepie.net/cakephp/app/controllers/components/data_tables.php, line 44]
2011-08-31 13:06:45 Notice: Notice (8): Undefined variable: conditions in [/var/www/test.likepie.net/cakephp/app/controllers/components/data_tables.php, line 50]
2011-08-31 13:06:45 Notice: Notice (8): Undefined variable: aColumns in [/var/www/test.likepie.net/cakephp/app/controllers/components/data_tables.php, line 59]
2011-08-31 13:06:50 Notice: Notice (8): Undefined variable: aColumns in [/var/www/test.likepie.net/cakephp/app/controllers/components/data_tables.php, line 27]
2011-08-31 13:06:50 Notice: Notice (8): Undefined index:  in [/var/www/test.likepie.net/cakephp/app/controllers/components/data_tables.php, line 27]
2011-08-31 13:06:50 Notice: Notice (8): Undefined variable: aColumns in [/var/www/test.likepie.net/cakephp/app/controllers/components/data_tables.php, line 44]
2011-08-31 13:06:50 Notice: Notice (8): Undefined variable: conditions in [/var/www/test.likepie.net/cakephp/app/controllers/components/data_tables.php, line 50]
2011-08-31 13:06:50 Notice: Notice (8): Undefined variable: aColumns in [/var/www/test.likepie.net/cakephp/app/controllers/components/data_tables.php, line 59]
2011-08-31 13:06:57 Notice: Notice (8): Undefined variable: aColumns in [/var/www/test.likepie.net/cakephp/app/controllers/components/data_tables.php, line 27]
2011-08-31 13:06:57 Notice: Notice (8): Undefined index:  in [/var/www/test.likepie.net/cakephp/app/controllers/components/data_tables.php, line 27]
2011-08-31 13:06:57 Notice: Notice (8): Undefined variable: aColumns in [/var/www/test.likepie.net/cakephp/app/controllers/components/data_tables.php, line 44]
2011-08-31 13:06:57 Notice: Notice (8): Undefined variable: conditions in [/var/www/test.likepie.net/cakephp/app/controllers/components/data_tables.php, line 50]
2011-08-31 13:06:57 Notice: Notice (8): Undefined variable: aColumns in [/var/www/test.likepie.net/cakephp/app/controllers/components/data_tables.php, line 59]
2011-08-31 13:06:59 Notice: Notice (8): Undefined variable: aColumns in [/var/www/test.likepie.net/cakephp/app/controllers/components/data_tables.php, line 27]
2011-08-31 13:06:59 Notice: Notice (8): Undefined index:  in [/var/www/test.likepie.net/cakephp/app/controllers/components/data_tables.php, line 27]
2011-08-31 13:06:59 Notice: Notice (8): Undefined variable: aColumns in [/var/www/test.likepie.net/cakephp/app/controllers/components/data_tables.php, line 44]
2011-08-31 13:06:59 Notice: Notice (8): Undefined variable: conditions in [/var/www/test.likepie.net/cakephp/app/controllers/components/data_tables.php, line 50]
2011-08-31 13:06:59 Notice: Notice (8): Undefined variable: aColumns in [/var/www/test.likepie.net/cakephp/app/controllers/components/data_tables.php, line 59]
2011-08-31 13:07:02 Notice: Notice (8): Undefined variable: aColumns in [/var/www/test.likepie.net/cakephp/app/controllers/components/data_tables.php, line 27]
2011-08-31 13:07:02 Notice: Notice (8): Undefined index:  in [/var/www/test.likepie.net/cakephp/app/controllers/components/data_tables.php, line 27]
2011-08-31 13:07:02 Notice: Notice (8): Undefined variable: aColumns in [/var/www/test.likepie.net/cakephp/app/controllers/components/data_tables.php, line 44]
2011-08-31 13:07:02 Notice: Notice (8): Undefined variable: conditions in [/var/www/test.likepie.net/cakephp/app/controllers/components/data_tables.php, line 50]
2011-08-31 13:07:02 Notice: Notice (8): Undefined variable: aColumns in [/var/www/test.likepie.net/cakephp/app/controllers/components/data_tables.php, line 59]
2011-08-31 13:07:03 Notice: Notice (8): Undefined variable: aColumns in [/var/www/test.likepie.net/cakephp/app/controllers/components/data_tables.php, line 27]
2011-08-31 13:07:03 Notice: Notice (8): Undefined index:  in [/var/www/test.likepie.net/cakephp/app/controllers/components/data_tables.php, line 27]
2011-08-31 13:07:03 Notice: Notice (8): Undefined variable: aColumns in [/var/www/test.likepie.net/cakephp/app/controllers/components/data_tables.php, line 44]
2011-08-31 13:07:03 Notice: Notice (8): Undefined variable: conditions in [/var/www/test.likepie.net/cakephp/app/controllers/components/data_tables.php, line 50]
2011-08-31 13:07:03 Notice: Notice (8): Undefined variable: aColumns in [/var/www/test.likepie.net/cakephp/app/controllers/components/data_tables.php, line 59]
2011-08-31 13:07:05 Notice: Notice (8): Undefined variable: aColumns in [/var/www/test.likepie.net/cakephp/app/controllers/components/data_tables.php, line 27]
2011-08-31 13:07:05 Notice: Notice (8): Undefined index:  in [/var/www/test.likepie.net/cakephp/app/controllers/components/data_tables.php, line 27]
2011-08-31 13:07:05 Notice: Notice (8): Undefined variable: aColumns in [/var/www/test.likepie.net/cakephp/app/controllers/components/data_tables.php, line 44]
2011-08-31 13:07:05 Notice: Notice (8): Undefined variable: conditions in [/var/www/test.likepie.net/cakephp/app/controllers/components/data_tables.php, line 50]
2011-08-31 13:07:05 Notice: Notice (8): Undefined variable: aColumns in [/var/www/test.likepie.net/cakephp/app/controllers/components/data_tables.php, line 59]
2011-08-31 13:08:09 Notice: Notice (8): Undefined variable: aColumns in [/var/www/test.likepie.net/cakephp/app/controllers/components/data_tables.php, line 27]
2011-08-31 13:08:09 Notice: Notice (8): Undefined index:  in [/var/www/test.likepie.net/cakephp/app/controllers/components/data_tables.php, line 27]
2011-08-31 13:08:09 Notice: Notice (8): Undefined variable: aColumns in [/var/www/test.likepie.net/cakephp/app/controllers/components/data_tables.php, line 44]
2011-08-31 13:08:09 Notice: Notice (8): Undefined variable: conditions in [/var/www/test.likepie.net/cakephp/app/controllers/components/data_tables.php, line 50]
2011-08-31 13:08:09 Notice: Notice (8): Undefined variable: aColumns in [/var/www/test.likepie.net/cakephp/app/controllers/components/data_tables.php, line 59]
2011-08-31 13:08:26 Notice: Notice (8): Undefined variable: aColumns in [/var/www/test.likepie.net/cakephp/app/controllers/components/data_tables.php, line 26]
2011-08-31 13:08:26 Notice: Notice (8): Undefined index:  in [/var/www/test.likepie.net/cakephp/app/controllers/components/data_tables.php, line 26]
2011-08-31 13:08:26 Notice: Notice (8): Undefined variable: aColumns in [/var/www/test.likepie.net/cakephp/app/controllers/components/data_tables.php, line 43]
2011-08-31 13:08:26 Notice: Notice (8): Undefined variable: conditions in [/var/www/test.likepie.net/cakephp/app/controllers/components/data_tables.php, line 49]
2011-08-31 13:08:26 Notice: Notice (8): Undefined variable: aColumns in [/var/www/test.likepie.net/cakephp/app/controllers/components/data_tables.php, line 58]
2011-08-31 13:08:56 Notice: Notice (8): Undefined variable: aColumns in [/var/www/test.likepie.net/cakephp/app/controllers/components/data_tables.php, line 43]
2011-08-31 13:08:56 Notice: Notice (8): Undefined variable: conditions in [/var/www/test.likepie.net/cakephp/app/controllers/components/data_tables.php, line 49]
2011-08-31 13:08:56 Notice: Notice (8): Undefined variable: aColumns in [/var/www/test.likepie.net/cakephp/app/controllers/components/data_tables.php, line 58]
2011-08-31 13:09:57 Notice: Notice (8): Undefined variable: conditions in [/var/www/test.likepie.net/cakephp/app/controllers/components/data_tables.php, line 49]
2011-08-31 13:09:57 Notice: Notice (8): Undefined variable: aColumns in [/var/www/test.likepie.net/cakephp/app/controllers/components/data_tables.php, line 58]
2011-08-31 13:10:24 Notice: Notice (8): Undefined variable: finalconditions in [/var/www/test.likepie.net/cakephp/app/controllers/components/data_tables.php, line 50]
2011-08-31 13:10:24 Notice: Notice (8): Undefined variable: aColumns in [/var/www/test.likepie.net/cakephp/app/controllers/components/data_tables.php, line 52]
2011-08-31 13:11:31 Notice: Notice (8): Undefined variable: aColumns in [/var/www/test.likepie.net/cakephp/app/controllers/components/data_tables.php, line 58]
2011-08-31 13:14:32 Notice: Notice (8): Undefined property: PartsController::$Parts in [/var/www/test.likepie.net/cakephp/app/controllers/components/data_tables.php, line 66]
2011-08-31 13:17:31 Notice: Notice (8): Undefined property: DataTablesComponent::$fileModel in [/var/www/test.likepie.net/cakephp/app/controllers/components/data_tables.php, line 108]
2011-08-31 13:17:31 Notice: Notice (8): Undefined property: DataTablesComponent::$fileModel in [/var/www/test.likepie.net/cakephp/app/controllers/components/data_tables.php, line 108]
2011-08-31 13:17:31 Notice: Notice (8): Undefined property: PartsController::$Parts in [/var/www/test.likepie.net/cakephp/app/controllers/components/data_tables.php, line 67]
2011-08-31 13:19:19 Notice: Notice (8): Undefined property: PartsController::$Parts in [/var/www/test.likepie.net/cakephp/app/controllers/components/data_tables.php, line 67]
2011-08-31 13:24:16 Notice: Notice (8): Undefined property: DataTablesComponent::$Parts in [/var/www/test.likepie.net/cakephp/app/controllers/components/data_tables.php, line 66]
2011-08-31 13:26:03 Notice: Notice (8): Undefined property: DataTablesComponent::$Parts in [/var/www/test.likepie.net/cakephp/app/controllers/components/data_tables.php, line 66]
2011-08-31 13:27:17 Notice: Notice (8): Undefined property: DataTablesComponent::$Parts in [/var/www/test.likepie.net/cakephp/app/controllers/components/data_tables.php, line 69]
2011-08-31 13:28:50 Notice: Notice (8): Object of class DataTablesComponent to string conversion in [/var/www/test.likepie.net/cakephp/app/controllers/components/data_tables.php, line 71]
2011-08-31 13:28:50 Notice: Notice (8): Undefined property: DataTablesComponent::$Object in [/var/www/test.likepie.net/cakephp/app/controllers/components/data_tables.php, line 71]
2011-08-31 13:28:50 Notice: Notice (8): Trying to get property of non-object in [/var/www/test.likepie.net/cakephp/app/controllers/components/data_tables.php, line 71]
2011-08-31 13:32:31 Notice: Notice (8): Undefined property: DataTablesComponent::$part in [/var/www/test.likepie.net/cakephp/app/controllers/components/data_tables.php, line 70]
2011-08-31 13:33:51 Notice: Notice (8): Undefined variable: aColumns in [/var/www/test.likepie.net/cakephp/app/controllers/components/data_tables.php, line 86]
2011-08-31 13:36:49 Notice: Notice (8): Undefined variable: aColumns in [/var/www/test.likepie.net/cakephp/app/controllers/components/data_tables.php, line 87]
2011-08-31 13:36:49 Notice: Notice (8): Undefined variable: tName in [/var/www/test.likepie.net/cakephp/app/controllers/components/data_tables.php, line 87]
2011-08-31 13:36:49 Notice: Notice (8): Undefined index:  in [/var/www/test.likepie.net/cakephp/app/controllers/components/data_tables.php, line 111]
2011-08-31 13:42:26 Notice: Notice (8): Undefined variable: prePend in [/var/www/test.likepie.net/cakephp/app/controllers/components/data_tables.php, line 43]
2011-08-31 13:42:35 Notice: Notice (8): Undefined variable: prePend in [/var/www/test.likepie.net/cakephp/app/controllers/components/data_tables.php, line 43]
2011-08-31 13:51:23 Notice: Notice (8): Undefined offset: 4 in [/var/www/test.likepie.net/cakephp/app/controllers/components/data_tables.php, line 30]
2011-08-31 13:51:28 Notice: Notice (8): Undefined offset: 4 in [/var/www/test.likepie.net/cakephp/app/controllers/components/data_tables.php, line 30]
2011-08-31 13:53:47 Notice: Notice (8): Undefined offset: 4 in [/var/www/test.likepie.net/cakephp/app/controllers/components/data_tables.php, line 32]
2011-08-31 14:00:13 Notice: Notice (8): Undefined offset: 5 in [/var/www/test.likepie.net/cakephp/app/controllers/components/data_tables.php, line 32]
2011-08-31 16:17:06 Notice: Notice (8): Undefined offset: 5 in [/var/www/test.likepie.net/cakephp/app/controllers/components/data_tables.php, line 32]
2011-08-31 16:27:51 Notice: Notice (8): Undefined offset: 4 in [/var/www/test.likepie.net/cakephp/app/controllers/components/data_tables.php, line 38]
2011-08-31 16:27:58 Notice: Notice (8): Undefined offset: 3 in [/var/www/test.likepie.net/cakephp/app/controllers/components/data_tables.php, line 38]
2011-08-31 16:31:36 Notice: Notice (8): Undefined offset: 5 in [/var/www/test.likepie.net/cakephp/app/controllers/components/data_tables.php, line 38]
2011-08-31 16:31:50 Notice: Notice (8): Undefined offset: 5 in [/var/www/test.likepie.net/cakephp/app/controllers/components/data_tables.php, line 38]
2011-08-31 16:33:53 Notice: Notice (8): Undefined offset: 3 in [/var/www/test.likepie.net/cakephp/app/controllers/components/data_tables.php, line 38]
2011-08-31 16:33:57 Notice: Notice (8): Undefined offset: 4 in [/var/www/test.likepie.net/cakephp/app/controllers/components/data_tables.php, line 38]
2011-08-31 16:35:14 Notice: Notice (8): Undefined offset: 3 in [/var/www/test.likepie.net/cakephp/app/controllers/components/data_tables.php, line 38]
2011-08-31 16:35:22 Notice: Notice (8): Undefined offset: 3 in [/var/www/test.likepie.net/cakephp/app/controllers/components/data_tables.php, line 38]
2011-08-31 16:35:26 Notice: Notice (8): Undefined offset: 3 in [/var/www/test.likepie.net/cakephp/app/controllers/components/data_tables.php, line 38]
2011-08-31 16:35:35 Notice: Notice (8): Undefined offset: 3 in [/var/www/test.likepie.net/cakephp/app/controllers/components/data_tables.php, line 38]
2011-08-31 16:37:05 Notice: Notice (8): Undefined offset: 3 in [/var/www/test.likepie.net/cakephp/app/controllers/components/data_tables.php, line 38]
2011-08-31 16:37:08 Notice: Notice (8): Undefined offset: 3 in [/var/www/test.likepie.net/cakephp/app/controllers/components/data_tables.php, line 38]
2011-08-31 16:37:09 Notice: Notice (8): Undefined offset: 3 in [/var/www/test.likepie.net/cakephp/app/controllers/components/data_tables.php, line 38]
2011-08-31 16:37:28 Notice: Notice (8): Undefined offset: 3 in [/var/www/test.likepie.net/cakephp/app/controllers/components/data_tables.php, line 38]
2011-08-31 16:37:32 Notice: Notice (8): Undefined offset: 3 in [/var/www/test.likepie.net/cakephp/app/controllers/components/data_tables.php, line 38]
2011-08-31 17:08:10 Notice: Notice (8): Undefined offset: 3 in [/var/www/test.likepie.net/cakephp/app/controllers/components/data_tables.php, line 39]
2011-08-31 17:08:22 Notice: Notice (8): Undefined offset: 3 in [/var/www/test.likepie.net/cakephp/app/controllers/components/data_tables.php, line 39]
2011-08-31 17:08:49 Notice: Notice (8): Undefined offset: 3 in [/var/www/test.likepie.net/cakephp/app/controllers/components/data_tables.php, line 39]
2011-08-31 17:08:51 Notice: Notice (8): Undefined offset: 3 in [/var/www/test.likepie.net/cakephp/app/controllers/components/data_tables.php, line 39]
2011-08-31 17:09:16 Notice: Notice (8): Undefined offset: 3 in [/var/www/test.likepie.net/cakephp/app/controllers/components/data_tables.php, line 39]
2011-08-31 17:09:23 Notice: Notice (8): Undefined offset: 3 in [/var/www/test.likepie.net/cakephp/app/controllers/components/data_tables.php, line 39]
2011-08-31 17:09:46 Notice: Notice (8): Undefined offset: 3 in [/var/www/test.likepie.net/cakephp/app/controllers/components/data_tables.php, line 39]
2011-08-31 17:09:46 Notice: Notice (8): Undefined variable: ordering in [/var/www/test.likepie.net/cakephp/app/controllers/components/data_tables.php, line 67]
2011-08-31 17:09:47 Notice: Notice (8): Undefined variable: ordering in [/var/www/test.likepie.net/cakephp/app/controllers/components/data_tables.php, line 67]
2011-08-31 17:09:50 Notice: Notice (8): Undefined variable: ordering in [/var/www/test.likepie.net/cakephp/app/controllers/components/data_tables.php, line 67]
2011-08-31 17:09:52 Notice: Notice (8): Undefined variable: ordering in [/var/www/test.likepie.net/cakephp/app/controllers/components/data_tables.php, line 67]
2011-08-31 17:11:55 Notice: Notice (8): Undefined offset: 3 in [/var/www/test.likepie.net/cakephp/app/controllers/components/data_tables.php, line 39]
2011-08-31 17:12:03 Notice: Notice (8): Undefined offset: 4 in [/var/www/test.likepie.net/cakephp/app/controllers/components/data_tables.php, line 39]
2011-08-31 17:12:34 Notice: Notice (8): Undefined offset: 3 in [/var/www/test.likepie.net/cakephp/app/controllers/components/data_tables.php, line 39]
2011-09-01 07:18:35 Notice: Notice (8): Undefined property: View::$dataTables in [/var/www/test.likepie.net/cakephp/app/views/parts/index.ctp, line 4]
2011-09-01 07:33:19 Notice: Notice (8): Undefined variable: out in [/var/www/test.likepie.net/cakephp/app/plugins/c12_datatables/views/helpers/data_tables.php, line 69]
2011-09-01 08:11:55 Notice: Notice (8): Undefined index: bScrollInfinite in [/var/www/test.likepie.net/cakephp/app/plugins/c12_datatables/views/helpers/data_tables.php, line 45]
2011-09-01 08:11:55 Notice: Notice (8): Undefined index: bProcessing in [/var/www/test.likepie.net/cakephp/app/plugins/c12_datatables/views/helpers/data_tables.php, line 46]
2011-09-01 08:11:55 Notice: Notice (8): Undefined index: bLengthChange in [/var/www/test.likepie.net/cakephp/app/plugins/c12_datatables/views/helpers/data_tables.php, line 47]
2011-09-01 08:11:55 Notice: Notice (8): Undefined index: bScrollCollapse in [/var/www/test.likepie.net/cakephp/app/plugins/c12_datatables/views/helpers/data_tables.php, line 48]
2011-09-01 08:11:55 Notice: Notice (8): Undefined index: bServerSide in [/var/www/test.likepie.net/cakephp/app/plugins/c12_datatables/views/helpers/data_tables.php, line 49]
2011-09-01 08:11:55 Notice: Notice (8): Undefined index: bJQueryUI in [/var/www/test.likepie.net/cakephp/app/plugins/c12_datatables/views/helpers/data_tables.php, line 50]
2011-09-01 08:11:55 Notice: Notice (8): Undefined index: sSearch in [/var/www/test.likepie.net/cakephp/app/plugins/c12_datatables/controllers/components/data_tables.php, line 67]
2011-09-01 08:11:55 Notice: Notice (8): Undefined variable: ordering in [/var/www/test.likepie.net/cakephp/app/plugins/c12_datatables/controllers/components/data_tables.php, line 85]
2011-09-01 08:11:55 Notice: Notice (8): Undefined index: iDisplayLength in [/var/www/test.likepie.net/cakephp/app/plugins/c12_datatables/controllers/components/data_tables.php, line 86]
2011-09-01 08:11:55 Notice: Notice (8): Undefined index: iDisplayStart in [/var/www/test.likepie.net/cakephp/app/plugins/c12_datatables/controllers/components/data_tables.php, line 87]
2011-09-01 08:11:55 Notice: Notice (8): Undefined index: sSearch in [/var/www/test.likepie.net/cakephp/app/plugins/c12_datatables/controllers/components/data_tables.php, line 92]
2011-09-01 08:11:56 Notice: Notice (8): Undefined index: sEcho in [/var/www/test.likepie.net/cakephp/app/plugins/c12_datatables/controllers/components/data_tables.php, line 102]
2011-09-01 08:12:30 Notice: Notice (8): Undefined index: bScrollInfinite in [/var/www/test.likepie.net/cakephp/app/plugins/c12_datatables/views/helpers/data_tables.php, line 48]
2011-09-01 08:12:30 Notice: Notice (8): Undefined index: bProcessing in [/var/www/test.likepie.net/cakephp/app/plugins/c12_datatables/views/helpers/data_tables.php, line 49]
2011-09-01 08:12:30 Notice: Notice (8): Undefined index: bLengthChange in [/var/www/test.likepie.net/cakephp/app/plugins/c12_datatables/views/helpers/data_tables.php, line 50]
2011-09-01 08:12:30 Notice: Notice (8): Undefined index: bScrollCollapse in [/var/www/test.likepie.net/cakephp/app/plugins/c12_datatables/views/helpers/data_tables.php, line 51]
2011-09-01 08:12:30 Notice: Notice (8): Undefined index: bServerSide in [/var/www/test.likepie.net/cakephp/app/plugins/c12_datatables/views/helpers/data_tables.php, line 52]
2011-09-01 08:12:30 Notice: Notice (8): Undefined index: bJQueryUI in [/var/www/test.likepie.net/cakephp/app/plugins/c12_datatables/views/helpers/data_tables.php, line 53]
2011-09-01 08:12:30 Notice: Notice (8): Undefined index: sSearch in [/var/www/test.likepie.net/cakephp/app/plugins/c12_datatables/controllers/components/data_tables.php, line 67]
2011-09-01 08:12:30 Notice: Notice (8): Undefined variable: ordering in [/var/www/test.likepie.net/cakephp/app/plugins/c12_datatables/controllers/components/data_tables.php, line 85]
2011-09-01 08:12:30 Notice: Notice (8): Undefined index: iDisplayLength in [/var/www/test.likepie.net/cakephp/app/plugins/c12_datatables/controllers/components/data_tables.php, line 86]
2011-09-01 08:12:30 Notice: Notice (8): Undefined index: iDisplayStart in [/var/www/test.likepie.net/cakephp/app/plugins/c12_datatables/controllers/components/data_tables.php, line 87]
2011-09-01 08:12:30 Notice: Notice (8): Undefined index: sSearch in [/var/www/test.likepie.net/cakephp/app/plugins/c12_datatables/controllers/components/data_tables.php, line 92]
2011-09-01 08:12:31 Notice: Notice (8): Undefined index: sEcho in [/var/www/test.likepie.net/cakephp/app/plugins/c12_datatables/controllers/components/data_tables.php, line 102]
2011-09-01 08:12:56 Notice: Notice (8): Undefined index: bScrollInfinite in [/var/www/test.likepie.net/cakephp/app/plugins/c12_datatables/views/helpers/data_tables.php, line 48]
2011-09-01 08:12:56 Notice: Notice (8): Undefined index: bProcessing in [/var/www/test.likepie.net/cakephp/app/plugins/c12_datatables/views/helpers/data_tables.php, line 49]
2011-09-01 08:12:56 Notice: Notice (8): Undefined index: bLengthChange in [/var/www/test.likepie.net/cakephp/app/plugins/c12_datatables/views/helpers/data_tables.php, line 50]
2011-09-01 08:12:56 Notice: Notice (8): Undefined index: bScrollCollapse in [/var/www/test.likepie.net/cakephp/app/plugins/c12_datatables/views/helpers/data_tables.php, line 51]
2011-09-01 08:12:56 Notice: Notice (8): Undefined index: bServerSide in [/var/www/test.likepie.net/cakephp/app/plugins/c12_datatables/views/helpers/data_tables.php, line 52]
2011-09-01 08:12:56 Notice: Notice (8): Undefined index: bJQueryUI in [/var/www/test.likepie.net/cakephp/app/plugins/c12_datatables/views/helpers/data_tables.php, line 53]
2011-09-01 08:12:56 Notice: Notice (8): Undefined index: iDisplayLength in [/var/www/test.likepie.net/cakephp/app/plugins/c12_datatables/views/helpers/data_tables.php, line 63]
2011-09-01 08:13:02 Notice: Notice (8): Undefined index: bScrollInfinite in [/var/www/test.likepie.net/cakephp/app/plugins/c12_datatables/views/helpers/data_tables.php, line 48]
2011-09-01 08:13:02 Notice: Notice (8): Undefined index: bProcessing in [/var/www/test.likepie.net/cakephp/app/plugins/c12_datatables/views/helpers/data_tables.php, line 49]
2011-09-01 08:13:02 Notice: Notice (8): Undefined index: bLengthChange in [/var/www/test.likepie.net/cakephp/app/plugins/c12_datatables/views/helpers/data_tables.php, line 50]
2011-09-01 08:13:02 Notice: Notice (8): Undefined index: bScrollCollapse in [/var/www/test.likepie.net/cakephp/app/plugins/c12_datatables/views/helpers/data_tables.php, line 51]
2011-09-01 08:13:02 Notice: Notice (8): Undefined index: bServerSide in [/var/www/test.likepie.net/cakephp/app/plugins/c12_datatables/views/helpers/data_tables.php, line 52]
2011-09-01 08:13:02 Notice: Notice (8): Undefined index: bJQueryUI in [/var/www/test.likepie.net/cakephp/app/plugins/c12_datatables/views/helpers/data_tables.php, line 53]
2011-09-01 08:13:02 Notice: Notice (8): Undefined index: iDisplayLength in [/var/www/test.likepie.net/cakephp/app/plugins/c12_datatables/views/helpers/data_tables.php, line 63]
2011-09-01 08:13:23 Notice: Notice (8): Undefined index: bScrollInfinite in [/var/www/test.likepie.net/cakephp/app/plugins/c12_datatables/views/helpers/data_tables.php, line 48]
2011-09-01 08:13:23 Notice: Notice (8): Undefined index: bProcessing in [/var/www/test.likepie.net/cakephp/app/plugins/c12_datatables/views/helpers/data_tables.php, line 49]
2011-09-01 08:13:23 Notice: Notice (8): Undefined index: bLengthChange in [/var/www/test.likepie.net/cakephp/app/plugins/c12_datatables/views/helpers/data_tables.php, line 50]
2011-09-01 08:13:23 Notice: Notice (8): Undefined index: bScrollCollapse in [/var/www/test.likepie.net/cakephp/app/plugins/c12_datatables/views/helpers/data_tables.php, line 51]
2011-09-01 08:13:23 Notice: Notice (8): Undefined index: bServerSide in [/var/www/test.likepie.net/cakephp/app/plugins/c12_datatables/views/helpers/data_tables.php, line 52]
2011-09-01 08:13:23 Notice: Notice (8): Undefined index: bJQueryUI in [/var/www/test.likepie.net/cakephp/app/plugins/c12_datatables/views/helpers/data_tables.php, line 53]
2011-09-01 08:13:23 Notice: Notice (8): Undefined index: iDisplayLength in [/var/www/test.likepie.net/cakephp/app/plugins/c12_datatables/views/helpers/data_tables.php, line 63]
2011-09-01 08:13:29 Notice: Notice (8): Undefined index: bScrollInfinite in [/var/www/test.likepie.net/cakephp/app/plugins/c12_datatables/views/helpers/data_tables.php, line 48]
2011-09-01 08:13:29 Notice: Notice (8): Undefined index: bProcessing in [/var/www/test.likepie.net/cakephp/app/plugins/c12_datatables/views/helpers/data_tables.php, line 49]
2011-09-01 08:13:29 Notice: Notice (8): Undefined index: bLengthChange in [/var/www/test.likepie.net/cakephp/app/plugins/c12_datatables/views/helpers/data_tables.php, line 50]
2011-09-01 08:13:29 Notice: Notice (8): Undefined index: bScrollCollapse in [/var/www/test.likepie.net/cakephp/app/plugins/c12_datatables/views/helpers/data_tables.php, line 51]
2011-09-01 08:13:29 Notice: Notice (8): Undefined index: bServerSide in [/var/www/test.likepie.net/cakephp/app/plugins/c12_datatables/views/helpers/data_tables.php, line 52]
2011-09-01 08:13:29 Notice: Notice (8): Undefined index: bJQueryUI in [/var/www/test.likepie.net/cakephp/app/plugins/c12_datatables/views/helpers/data_tables.php, line 53]
2011-09-01 08:13:29 Notice: Notice (8): Undefined index: iDisplayLength in [/var/www/test.likepie.net/cakephp/app/plugins/c12_datatables/views/helpers/data_tables.php, line 63]
2011-09-01 08:19:47 Notice: Notice (8): Undefined property: PartsController::$html in [/var/www/test.likepie.net/cakephp/app/controllers/parts_controller.php, line 33]
2011-09-01 08:19:56 Notice: Notice (8): Undefined variable: html in [/var/www/test.likepie.net/cakephp/app/controllers/parts_controller.php, line 33]
2011-09-01 08:45:07 Notice: Notice (8): Undefined property: DataTablesHelper::$Html in [/var/www/test.likepie.net/cakephp/app/plugins/c12_datatables/views/helpers/data_tables.php, line 92]
